<?xml version="1.0" encoding="UTF-8"?>
<!-- Generated by org.testng.reporters.JUnitXMLReporter -->
<testsuite hostname="DESKTOP-CS733UO" ignored="0" name="Test" tests="4" failures="1" timestamp="23 Jul 2022 13:23:06 GMT" time="25.227" errors="0">
  <testcase name="loginTest" time="2.832" classname="datadriventesting.DataDrivenTest">
    <failure type="java.lang.AssertionError" message="expected [true] but found [false]">
      <![CDATA[java.lang.AssertionError: expected [true] but found [false]
	at datadriventesting.DataDrivenTest.loginTest(DataDrivenTest.java:46)
... Removed 29 stack frames]]>
    </failure>
  </testcase> <!-- loginTest -->
  <testcase name="loginTest" time="2.833" classname="datadriventesting.DataDrivenTest"/>
  <testcase name="loginTest" time="3.791" classname="datadriventesting.DataDrivenTest"/>
  <testcase name="loginTest" time="3.922" classname="datadriventesting.DataDrivenTest"/>
</testsuite> <!-- Test -->
